[debug] [2018-08-15T16:45:17.397Z] ----------------------------------------------------------------------
[debug] [2018-08-15T16:45:17.400Z] Command:       C:\Program Files\nodejs\node.exe C:\Users\Tech\AppData\Roaming\npm\node_modules\firebase-tools\bin\firebase deploy
[debug] [2018-08-15T16:45:17.401Z] CLI Version:   4.0.3
[debug] [2018-08-15T16:45:17.401Z] Platform:      win32
[debug] [2018-08-15T16:45:17.401Z] Node Version:  v8.11.3
[debug] [2018-08-15T16:45:17.401Z] Time:          Wed Aug 15 2018 22:15:17 GMT+0530 (India Standard Time)
[debug] [2018-08-15T16:45:17.401Z] ----------------------------------------------------------------------
[debug] 
[debug] [2018-08-15T16:45:17.421Z] > command requires scopes: ["email","openid","https://www.googleapis.com/auth/cloudplatformprojects.readonly","https://www.googleapis.com/auth/firebase","https://www.googleapis.com/auth/cloud-platform"]
[debug] [2018-08-15T16:45:17.422Z] > authorizing via signed-in user
[debug] [2018-08-15T16:45:17.426Z] > refreshing access token with scopes: ["email","https://www.googleapis.com/auth/cloud-platform","https://www.googleapis.com/auth/cloudplatformprojects.readonly","https://www.googleapis.com/auth/firebase","openid"]
[debug] [2018-08-15T16:45:17.426Z] >>> HTTP REQUEST POST https://www.googleapis.com/oauth2/v3/token  
 { refresh_token: '1/Ts1Weu8-13egUfD4ZF5LegTdxabdEo0zRW_qQhs4IWc',
  client_id: '563584335869-fgrhgmd47bqnekij5i8b5pr03ho849e6.apps.googleusercontent.com',
  client_secret: 'j9iVZfS8kkCEFUPaAeJV0sAi',
  grant_type: 'refresh_token',
  scope: 'email https://www.googleapis.com/auth/cloud-platform https://www.googleapis.com/auth/cloudplatformprojects.readonly https://www.googleapis.com/auth/firebase openid' } 
 Wed Aug 15 2018 22:15:17 GMT+0530 (India Standard Time)
[debug] [2018-08-15T16:45:17.992Z] <<< HTTP RESPONSE 200
[debug] [2018-08-15T16:45:18.005Z] >>> HTTP REQUEST GET https://admin.firebase.com/v1/projects/atsstudios-cfffb  
  
 Wed Aug 15 2018 22:15:18 GMT+0530 (India Standard Time)
[debug] [2018-08-15T16:45:19.744Z] <<< HTTP RESPONSE 200
[debug] [2018-08-15T16:45:19.746Z] >>> HTTP REQUEST GET https://admin.firebase.com/v1/database/atsstudios-cfffb/tokens  
  
 Wed Aug 15 2018 22:15:19 GMT+0530 (India Standard Time)
[debug] [2018-08-15T16:45:21.134Z] <<< HTTP RESPONSE 200
